2025/12/26 06:50:49 Logger initialized
2025/12/26 06:50:49 No .env file found
2025/12/26 06:50:49 Attempting to connect to Postgres...
2025/12/26 06:50:49 Failed to connect to Postgres: cannot parse `host= user= password=xxxxx dbname= port= sslmode=disable TimeZone=Asia/Jakarta`: invalid port (strconv.ParseUint: parsing "sslmode=disable": invalid syntax). Please check your configuration.
2025/12/26 06:51:07 Logger initialized
2025/12/26 06:51:07 Attempting to connect to Postgres...
2025/12/26 06:51:07 Database connected successfully
2025/12/26 06:51:07 Reloading Scale Configurations...
2025/12/26 06:51:07 ANPR Service running in MOCK mode (No OpenCV detected)
2025/12/26 06:51:07 StoneWeigh Server starting on :8080
2025/12/26 06:51:07 Server failed:listen tcp :8080: bind: address already in use
2025/12/26 06:51:44 Logger initialized
2025/12/26 06:51:44 Attempting to connect to Postgres...
2025/12/26 06:51:44 Database connected successfully
2025/12/26 06:51:45 Reloading Scale Configurations...
2025/12/26 06:51:45 ANPR Service running in MOCK mode (No OpenCV detected)
2025/12/26 06:51:45 StoneWeigh Server starting on :8000
2025/12/26 06:52:00 [HTTP] 200 |   14.229114ms |             ::1 | GET     /
2025/12/26 06:52:00 [HTTP] 200 |    5.337653ms |             ::1 | GET     /static/js/main.js
2025/12/26 06:52:00 [HTTP] 200 |   11.443176ms |             ::1 | GET     /static/js/tailwindcss.js
2025/12/26 06:52:01 [HTTP] 404 |      1.5563ms |             ::1 | GET     /favicon.ico
2025/12/26 06:52:05 [HTTP] 200 |    2.514132ms |             ::1 | GET     /settings/
2025/12/26 06:52:07 [HTTP] 200 |    5.393449ms |             ::1 | GET     /settings/hardware
2025/12/26 06:52:07 [HTTP] 200 |    2.337677ms |             ::1 | GET     /api/stations
2025/12/26 06:52:24 [HTTP] 200 |    6.603029ms |             ::1 | POST    /api/stations
2025/12/26 06:52:24 Reloading Scale Configurations...
2025/12/26 06:52:24 [HTTP] 200 |    1.221563ms |             ::1 | GET     /api/stations
2025/12/26 06:52:33 [HTTP] 200 |    3.731929ms |             ::1 | GET     /weighing
2025/12/26 06:52:33 [HTTP] 404 |     1.30374ms |             ::1 | GET     /static/images/placeholder_truck.jpg
2025/12/26 06:52:47 [HTTP] 200 |    2.289615ms |             ::1 | GET     /settings/
2025/12/26 06:52:49 [HTTP] 200 |    3.183635ms |             ::1 | GET     /settings/users
2025/12/26 06:52:50 [HTTP] 200 |    3.124432ms |             ::1 | GET     /api/users
2025/12/26 06:52:50 [HTTP] 200 |    1.092167ms |             ::1 | GET     /api/stations
2025/12/26 06:53:05 [HTTP] 200 |    2.624512ms |             ::1 | GET     /api/users/2/assignments
2025/12/26 06:53:05 [HTTP] 200 |    1.216755ms |             ::1 | GET     /api/users/1/assignments
2025/12/26 06:53:05 [HTTP] 200 |    1.268954ms |             ::1 | GET     /api/users/2/assignments
2025/12/26 06:53:05 [HTTP] 200 |    1.182369ms |             ::1 | GET     /api/users/2/assignments
2025/12/26 06:53:05 [HTTP] 200 |    1.248755ms |             ::1 | GET     /api/users/2/assignments
2025/12/26 06:53:05 [HTTP] 200 |    1.312236ms |             ::1 | GET     /api/users/2/assignments
2025/12/26 06:53:05 [HTTP] 200 |    1.106324ms |             ::1 | GET     /api/users/2/assignments
2025/12/26 06:53:05 [HTTP] 200 |    1.104671ms |             ::1 | GET     /api/users/2/assignments
2025/12/26 06:53:05 [HTTP] 200 |    1.090745ms |             ::1 | GET     /api/users/2/assignments
2025/12/26 06:53:05 [HTTP] 200 |     950.087µs |             ::1 | GET     /api/users/2/assignments
2025/12/26 06:53:05 [HTTP] 200 |    1.191726ms |             ::1 | GET     /api/users/2/assignments
2025/12/26 06:53:05 [HTTP] 200 |    1.021603ms |             ::1 | GET     /api/users/2/assignments
2025/12/26 06:53:05 [HTTP] 200 |    1.014811ms |             ::1 | GET     /api/users/2/assignments
2025/12/26 06:53:05 [HTTP] 200 | 1m4.201205067s |             ::1 | GET     /api/scales/stream
2025/12/26 06:53:07 [HTTP] 200 | 1m1.60135865s |             ::1 | GET     /api/scales/stream
2025/12/26 06:53:08 [HTTP] 200 |   13.783627ms |             ::1 | POST    /api/users/2/assignments
2025/12/26 06:53:12 [HTTP] 200 |    6.613519ms |             ::1 | GET     /weighing
2025/12/26 06:53:12 [HTTP] 404 |    1.260127ms |             ::1 | GET     /static/images/placeholder_truck.jpg
2025/12/26 06:53:16 [HTTP] 200 |    1.843747ms |             ::1 | GET     /settings/
2025/12/26 06:53:33 [HTTP] 200 |    4.255263ms |             ::1 | GET     /settings/vehicles
2025/12/26 06:53:33 [HTTP] 200 | 1m26.201093439s |             ::1 | GET     /api/scales/stream
2025/12/26 06:53:33 [HTTP] 404 |    1.733447ms |             ::1 | GET     /settings/api/vehicles
2025/12/26 06:53:47 [HTTP] 404 |    1.688622ms |             ::1 | GET     /.well-known/appspecific/com.chrome.devtools.json
2025/12/26 06:53:48 [HTTP] 200 | 1m14.20102902s |             ::1 | GET     /api/scales/stream
2025/12/26 06:53:49 [HTTP] 200 | 1m1.600893743s |             ::1 | GET     /api/scales/stream
2025/12/26 06:53:54 [HTTP] 404 |    4.020687ms |             ::1 | GET     /settings/api/vehicles
2025/12/26 06:54:12 [HTTP] 200 | 1m22.401474513s |             ::1 | GET     /api/scales/stream
2025/12/26 06:54:16 [HTTP] 200 | 1m4.200829633s |             ::1 | GET     /api/scales/stream
2025/12/26 06:54:17 [HTTP] 200 |    1.621073ms |             ::1 | GET     /settings/
2025/12/26 06:54:19 [HTTP] 200 |    1.651962ms |             ::1 | GET     /settings/logs
2025/12/26 06:54:19 [HTTP] 200 |     656.569µs |             ::1 | GET     /api/logs
2025/12/26 06:54:22 [HTTP] 200 |    3.398805ms |             ::1 | GET     /settings/
2025/12/26 06:54:23 [HTTP] 200 |    2.538548ms |             ::1 | GET     /settings/hardware
2025/12/26 06:54:23 [HTTP] 200 |    1.846362ms |             ::1 | GET     /api/stations
2025/12/26 06:54:33 [HTTP] 200 |    6.797078ms |             ::1 | GET     /
2025/12/26 06:54:33 [HTTP] 200 | 1m16.601101948s |             ::1 | GET     /api/scales/stream
2025/12/26 06:55:17 [HTTP] 200 |    4.445495ms |             ::1 | GET     /weighing
2025/12/26 06:55:17 [HTTP] 404 |    1.501235ms |             ::1 | GET     /static/images/placeholder_truck.jpg
2025/12/26 06:55:17 [HTTP] 200 | 1m43.800980481s |             ::1 | GET     /api/scales/stream
2025/12/26 06:55:19 [HTTP] 200 | 1m1.800477924s |             ::1 | GET     /api/scales/stream
2025/12/26 06:55:22 [HTTP] 200 | 1m2.60110888s |             ::1 | GET     /api/scales/stream
2025/12/26 06:55:23 [HTTP] 200 | 1m1.60142821s |             ::1 | GET     /api/scales/stream
2025/12/26 06:55:33 [HTTP] 200 | 1m9.801013936s |             ::1 | GET     /api/scales/stream
2025/12/26 06:55:47 [HTTP] 404 |    1.425968ms |             ::1 | GET     /.well-known/appspecific/com.chrome.devtools.json
2025/12/26 06:56:17 [HTTP] 200 |    6.977266ms |             ::1 | GET     /reports
2025/12/26 06:56:17 [HTTP] 404 |    4.698646ms |             ::1 | GET     /.well-known/appspecific/com.chrome.devtools.json
2025/12/26 06:56:18 [HTTP] 200 | 1m44.201091357s |             ::1 | GET     /api/scales/stream
2025/12/26 06:56:23 [HTTP] 200 |    2.258843ms |             ::1 | GET     /settings/
2025/12/26 06:56:23 [HTTP] 404 |    4.144334ms |             ::1 | GET     /.well-known/appspecific/com.chrome.devtools.json
2025/12/26 06:56:26 [HTTP] 200 |    2.444001ms |             ::1 | GET     /settings/vehicles
2025/12/26 06:56:26 [HTTP] 404 |    1.456255ms |             ::1 | GET     /.well-known/appspecific/com.chrome.devtools.json
2025/12/26 06:56:27 [HTTP] 404 |    1.545733ms |             ::1 | GET     /settings/api/vehicles
2025/12/26 06:56:42 [HTTP] 200 |    2.015326ms |             ::1 | GET     /settings/
2025/12/26 06:56:42 [HTTP] 404 |    1.630362ms |             ::1 | GET     /.well-known/appspecific/com.chrome.devtools.json
2025/12/26 06:56:44 [HTTP] 200 |    2.660878ms |             ::1 | GET     /settings/users
2025/12/26 06:56:45 [HTTP] 404 |    1.180858ms |             ::1 | GET     /.well-known/appspecific/com.chrome.devtools.json
2025/12/26 06:56:45 [HTTP] 200 |    1.364563ms |             ::1 | GET     /api/users
2025/12/26 06:56:45 [HTTP] 200 |     817.586µs |             ::1 | GET     /api/stations
2025/12/26 06:57:17 [HTTP] 200 |    3.648653ms |             ::1 | GET     /api/users/2/assignments
2025/12/26 06:57:17 [HTTP] 200 |    3.968494ms |             ::1 | GET     /api/users/2/assignments
2025/12/26 06:57:17 [HTTP] 200 |    2.300711ms |             ::1 | GET     /api/users/2/assignments
2025/12/26 06:57:17 [HTTP] 200 |    2.098803ms |             ::1 | GET     /api/users/2/assignments
2025/12/26 06:57:17 [HTTP] 200 |    2.059579ms |             ::1 | GET     /api/users/2/assignments
2025/12/26 06:57:17 [HTTP] 200 | 1m59.400778091s |             ::1 | GET     /api/scales/stream
2025/12/26 06:57:23 [HTTP] 200 | 1m5.600774791s |             ::1 | GET     /api/scales/stream
2025/12/26 06:57:26 [HTTP] 200 | 1m2.601144294s |             ::1 | GET     /api/scales/stream
2025/12/26 06:57:42 [HTTP] 200 | 1m15.0014032s |             ::1 | GET     /api/scales/stream
2025/12/26 06:57:45 [HTTP] 200 | 1m2.40086835s |             ::1 | GET     /api/scales/stream
2025/12/26 06:59:39 [HTTP] 200 |     1.88299ms |             ::1 | GET     /api/users/1/assignments
2025/12/26 07:00:54 [HTTP] 200 |    3.776479ms |             ::1 | GET     /reports
2025/12/26 07:00:54 [HTTP] 200 | 4m9.201244517s |             ::1 | GET     /api/scales/stream
2025/12/26 07:00:55 [HTTP] 200 |     6.35779ms |             ::1 | GET     /weighing
2025/12/26 07:00:56 [HTTP] 404 |    1.764879ms |             ::1 | GET     /static/images/placeholder_truck.jpg
2025/12/26 07:01:56 [HTTP] 200 | 1m1.400746922s |             ::1 | GET     /api/scales/stream
2025/12/26 07:06:51 [HTTP] 200 |     2.93498ms |             ::1 | GET     /api/vehicles
2025/12/26 07:07:11 Mock ANPR: Capturing from rstp://admin:aja@127.0.01.3:544/stream
2025/12/26 07:07:11 NOTE: Results are SIMULATED based on filename in Mock mode.
2025/12/26 07:07:11 [HTTP] 200 |     4.12386ms |             ::1 | POST    /api/anpr/trigger
2025/12/26 07:07:41 [HTTP] 200 |    3.596327ms |             ::1 | GET     /reports
2025/12/26 07:07:43 [HTTP] 200 |    7.658248ms |             ::1 | GET     /
2025/12/26 07:07:51 [HTTP] 200 |    2.075526ms |             ::1 | GET     /settings/
2025/12/26 07:07:53 [HTTP] 200 |    2.255708ms |             ::1 | GET     /settings/hardware
2025/12/26 07:07:54 [HTTP] 200 |    1.613628ms |             ::1 | GET     /api/stations
2025/12/26 07:07:57 [HTTP] 200 |    2.089492ms |             ::1 | GET     /settings/
2025/12/26 07:08:41 [HTTP] 200 |    2.768874ms |             ::1 | GET     /settings/users
2025/12/26 07:08:42 [HTTP] 200 | 7m45.600678757s |             ::1 | GET     /api/scales/stream
2025/12/26 07:08:42 [HTTP] 200 |    1.663893ms |             ::1 | GET     /api/users
2025/12/26 07:08:42 [HTTP] 200 |    1.115461ms |             ::1 | GET     /api/stations
2025/12/26 07:08:43 [HTTP] 200 | 1m1.001212705s |             ::1 | GET     /api/scales/stream
2025/12/26 07:08:51 [HTTP] 200 | 1m8.401447566s |             ::1 | GET     /api/scales/stream
2025/12/26 07:08:53 [HTTP] 200 | 1m2.001359453s |             ::1 | GET     /api/scales/stream
2025/12/26 07:08:57 [HTTP] 200 | 1m3.800539855s |             ::1 | GET     /api/scales/stream
2025/12/26 07:09:42 [HTTP] 200 | 1m44.000874713s |             ::1 | GET     /api/scales/stream
2025/12/25 23:51:42 Logger initialized
2025/12/25 23:51:42 Using SQLite database (configured)...
2025/12/25 23:51:42 Failed to connect to SQLite: unable to open database file: is a directory
2025/12/25 23:51:43 Logger initialized
2025/12/25 23:51:43 Using SQLite database (configured)...
2025/12/25 23:51:43 Failed to connect to SQLite: unable to open database file: is a directory
2025/12/25 23:51:43 Logger initialized
2025/12/25 23:51:43 Using SQLite database (configured)...
2025/12/25 23:51:44 Failed to connect to SQLite: unable to open database file: is a directory
2025/12/25 23:51:44 Logger initialized
2025/12/25 23:51:44 Using SQLite database (configured)...
2025/12/25 23:51:44 Failed to connect to SQLite: unable to open database file: is a directory
2025/12/25 23:51:45 Logger initialized
2025/12/25 23:51:45 Using SQLite database (configured)...
2025/12/25 23:51:45 Failed to connect to SQLite: unable to open database file: is a directory
2025/12/25 23:51:45 Logger initialized
2025/12/25 23:51:45 Using SQLite database (configured)...
2025/12/25 23:51:45 Failed to connect to SQLite: unable to open database file: is a directory
2025/12/25 23:51:46 Logger initialized
2025/12/25 23:51:46 Using SQLite database (configured)...
2025/12/25 23:51:46 Failed to connect to SQLite: unable to open database file: is a directory
2025/12/25 23:51:47 Logger initialized
2025/12/25 23:51:47 Using SQLite database (configured)...
2025/12/25 23:51:47 Failed to connect to SQLite: unable to open database file: is a directory
2025/12/25 23:51:47 Logger initialized
2025/12/25 23:51:47 Using SQLite database (configured)...
2025/12/25 23:51:47 Failed to connect to SQLite: unable to open database file: is a directory
2025/12/25 23:51:48 Logger initialized
2025/12/25 23:51:48 Using SQLite database (configured)...
2025/12/25 23:51:48 Failed to connect to SQLite: unable to open database file: is a directory
2025/12/25 23:51:49 Logger initialized
2025/12/25 23:51:49 Using SQLite database (configured)...
2025/12/25 23:51:49 Failed to connect to SQLite: unable to open database file: is a directory
2025/12/25 23:51:49 Logger initialized
2025/12/25 23:51:49 Using SQLite database (configured)...
2025/12/25 23:51:49 Failed to connect to SQLite: unable to open database file: is a directory
2025/12/25 23:51:50 Logger initialized
2025/12/25 23:51:50 Using SQLite database (configured)...
2025/12/25 23:51:50 Failed to connect to SQLite: unable to open database file: is a directory
2025/12/25 23:51:51 Logger initialized
2025/12/25 23:51:51 Using SQLite database (configured)...
2025/12/25 23:51:51 Failed to connect to SQLite: unable to open database file: is a directory
2025/12/25 23:51:52 Logger initialized
2025/12/25 23:51:52 Using SQLite database (configured)...
2025/12/25 23:51:52 Failed to connect to SQLite: unable to open database file: is a directory
2025/12/25 23:51:53 Logger initialized
2025/12/25 23:51:53 Using SQLite database (configured)...
2025/12/25 23:51:53 Failed to connect to SQLite: unable to open database file: is a directory
2025/12/25 23:51:53 Logger initialized
2025/12/25 23:51:53 Using SQLite database (configured)...
2025/12/25 23:51:53 Failed to connect to SQLite: unable to open database file: is a directory
2025/12/25 23:51:54 Logger initialized
2025/12/25 23:51:54 Using SQLite database (configured)...
2025/12/25 23:51:54 Failed to connect to SQLite: unable to open database file: is a directory
2025/12/25 23:51:55 Logger initialized
2025/12/25 23:51:55 Using SQLite database (configured)...
2025/12/25 23:51:55 Failed to connect to SQLite: unable to open database file: is a directory
2025/12/25 23:51:56 Logger initialized
2025/12/25 23:51:56 Using SQLite database (configured)...
2025/12/25 23:51:56 Failed to connect to SQLite: unable to open database file: is a directory
2025/12/25 23:51:57 Logger initialized
2025/12/25 23:51:57 Using SQLite database (configured)...
2025/12/25 23:51:57 Failed to connect to SQLite: unable to open database file: is a directory
2025/12/25 23:51:58 Logger initialized
2025/12/25 23:51:58 Using SQLite database (configured)...
2025/12/25 23:51:58 Failed to connect to SQLite: unable to open database file: is a directory
2025/12/25 23:51:58 Logger initialized
2025/12/25 23:51:58 Using SQLite database (configured)...
2025/12/25 23:51:58 Failed to connect to SQLite: unable to open database file: is a directory
2025/12/25 23:51:59 Logger initialized
2025/12/25 23:51:59 Using SQLite database (configured)...
2025/12/25 23:51:59 Failed to connect to SQLite: unable to open database file: is a directory
2025/12/25 23:52:00 Logger initialized
2025/12/25 23:52:00 Using SQLite database (configured)...
2025/12/25 23:52:00 Failed to connect to SQLite: unable to open database file: is a directory
2025/12/25 23:52:01 Logger initialized
2025/12/25 23:52:01 Using SQLite database (configured)...
2025/12/25 23:52:01 Failed to connect to SQLite: unable to open database file: is a directory
2025/12/25 23:52:03 Logger initialized
2025/12/25 23:52:03 Using SQLite database (configured)...
2025/12/25 23:52:03 Failed to connect to SQLite: unable to open database file: is a directory
2025/12/25 23:52:04 Logger initialized
2025/12/25 23:52:04 Using SQLite database (configured)...
2025/12/25 23:52:04 Failed to connect to SQLite: unable to open database file: is a directory
2025/12/25 23:52:04 Logger initialized
2025/12/25 23:52:04 Using SQLite database (configured)...
2025/12/25 23:52:04 Failed to connect to SQLite: unable to open database file: is a directory
2025/12/25 23:52:05 Logger initialized
2025/12/25 23:52:05 Using SQLite database (configured)...
2025/12/25 23:52:05 Failed to connect to SQLite: unable to open database file: is a directory
2025/12/25 23:52:06 Logger initialized
2025/12/25 23:52:06 Using SQLite database (configured)...
2025/12/25 23:52:06 Failed to connect to SQLite: unable to open database file: is a directory
2025/12/25 23:52:06 Logger initialized
2025/12/25 23:52:06 Using SQLite database (configured)...
2025/12/25 23:52:06 Failed to connect to SQLite: unable to open database file: is a directory
2025/12/25 23:52:07 Logger initialized
2025/12/25 23:52:07 Using SQLite database (configured)...
2025/12/25 23:52:07 Failed to connect to SQLite: unable to open database file: is a directory
2025/12/25 23:52:08 Logger initialized
2025/12/25 23:52:08 Using SQLite database (configured)...
2025/12/25 23:52:08 Failed to connect to SQLite: unable to open database file: is a directory
2025/12/25 23:52:08 Logger initialized
2025/12/25 23:52:08 Using SQLite database (configured)...
2025/12/25 23:52:08 Failed to connect to SQLite: unable to open database file: is a directory
2025/12/25 23:52:09 Logger initialized
2025/12/25 23:52:09 Using SQLite database (configured)...
2025/12/25 23:52:09 Failed to connect to SQLite: unable to open database file: is a directory
2025/12/25 23:52:10 Logger initialized
2025/12/25 23:52:10 Using SQLite database (configured)...
2025/12/25 23:52:10 Failed to connect to SQLite: unable to open database file: is a directory
2025/12/25 23:52:11 Logger initialized
2025/12/25 23:52:11 Using SQLite database (configured)...
2025/12/25 23:52:11 Failed to connect to SQLite: unable to open database file: is a directory
2025/12/25 23:52:12 Logger initialized
2025/12/25 23:52:12 Using SQLite database (configured)...
2025/12/25 23:52:12 Failed to connect to SQLite: unable to open database file: is a directory
2025/12/25 23:52:13 Logger initialized
2025/12/25 23:52:13 Using SQLite database (configured)...
2025/12/25 23:52:13 Failed to connect to SQLite: unable to open database file: is a directory
2025/12/25 23:52:15 Logger initialized
2025/12/25 23:52:15 Using SQLite database (configured)...
2025/12/25 23:52:15 Failed to connect to SQLite: unable to open database file: is a directory
2025/12/25 23:52:16 Logger initialized
2025/12/25 23:52:16 Using SQLite database (configured)...
2025/12/25 23:52:16 Failed to connect to SQLite: unable to open database file: is a directory
2025/12/25 23:52:17 Logger initialized
2025/12/25 23:52:17 Using SQLite database (configured)...
2025/12/25 23:52:17 Failed to connect to SQLite: unable to open database file: is a directory
2025/12/25 23:52:17 Logger initialized
2025/12/25 23:52:17 Using SQLite database (configured)...
2025/12/25 23:52:17 Failed to connect to SQLite: unable to open database file: is a directory
2025/12/25 23:52:18 Logger initialized
2025/12/25 23:52:18 Using SQLite database (configured)...
2025/12/25 23:52:18 Failed to connect to SQLite: unable to open database file: is a directory
2025/12/25 23:52:19 Logger initialized
2025/12/25 23:52:19 Using SQLite database (configured)...
2025/12/25 23:52:19 Failed to connect to SQLite: unable to open database file: is a directory
2025/12/25 23:52:20 Logger initialized
2025/12/25 23:52:20 Using SQLite database (configured)...
2025/12/25 23:52:20 Failed to connect to SQLite: unable to open database file: is a directory
2025/12/25 23:52:21 Logger initialized
2025/12/25 23:52:21 Using SQLite database (configured)...
2025/12/25 23:52:21 Failed to connect to SQLite: unable to open database file: is a directory
2025/12/25 23:52:22 Logger initialized
2025/12/25 23:52:22 Using SQLite database (configured)...
2025/12/25 23:52:22 Failed to connect to SQLite: unable to open database file: is a directory
2025/12/25 23:52:22 Logger initialized
2025/12/25 23:52:22 Using SQLite database (configured)...
2025/12/25 23:52:22 Failed to connect to SQLite: unable to open database file: is a directory
2025/12/25 23:52:23 Logger initialized
2025/12/25 23:52:23 Using SQLite database (configured)...
2025/12/25 23:52:23 Failed to connect to SQLite: unable to open database file: is a directory
2025/12/25 23:52:24 Logger initialized
2025/12/25 23:52:24 Using SQLite database (configured)...
2025/12/25 23:52:24 Failed to connect to SQLite: unable to open database file: is a directory
2025/12/25 23:52:25 Logger initialized
2025/12/25 23:52:25 Using SQLite database (configured)...
2025/12/25 23:52:25 Failed to connect to SQLite: unable to open database file: is a directory
2025/12/25 23:52:25 Logger initialized
2025/12/25 23:52:25 Using SQLite database (configured)...
2025/12/25 23:52:25 Failed to connect to SQLite: unable to open database file: is a directory
2025/12/25 23:52:26 Logger initialized
2025/12/25 23:52:26 Using SQLite database (configured)...
2025/12/25 23:52:26 Failed to connect to SQLite: unable to open database file: is a directory
2025/12/25 23:52:27 Logger initialized
2025/12/25 23:52:27 Using SQLite database (configured)...
2025/12/25 23:52:27 Failed to connect to SQLite: unable to open database file: is a directory
2025/12/25 23:52:27 Logger initialized
2025/12/25 23:52:27 Using SQLite database (configured)...
2025/12/25 23:52:27 Failed to connect to SQLite: unable to open database file: is a directory
2025/12/25 23:52:28 Logger initialized
2025/12/25 23:52:28 Using SQLite database (configured)...
2025/12/25 23:52:28 Failed to connect to SQLite: unable to open database file: is a directory
2025/12/26 00:12:14 Logger initialized
2025/12/26 00:12:14 Using SQLite database (configured)...
2025/12/26 00:12:14 Database connected successfully
2025/12/26 00:12:15 Admin user 'indraaja' seeded successfully
2025/12/26 00:12:15 Reloading Scale Configurations...
2025/12/26 00:12:15 Starting Demo Scale Simulation...
2025/12/26 00:12:15 Logger initialized
2025/12/26 00:12:15 Using SQLite database (configured)...
2025/12/26 00:12:15 Database connected successfully
2025/12/26 00:12:15 Reloading Scale Configurations...
2025/12/26 00:12:15 Starting Demo Scale Simulation...
2025/12/26 00:12:16 Logger initialized
2025/12/26 00:12:16 Using SQLite database (configured)...
2025/12/26 00:12:16 Database connected successfully
2025/12/26 00:12:16 Reloading Scale Configurations...
2025/12/26 00:12:16 Starting Demo Scale Simulation...
2025/12/26 00:12:17 Logger initialized
2025/12/26 00:12:17 Using SQLite database (configured)...
2025/12/26 00:12:17 Database connected successfully
2025/12/26 00:12:17 Reloading Scale Configurations...
2025/12/26 00:12:17 Starting Demo Scale Simulation...
2025/12/26 00:12:17 Logger initialized
2025/12/26 00:12:17 Using SQLite database (configured)...
2025/12/26 00:12:17 Database connected successfully
2025/12/26 00:12:17 Reloading Scale Configurations...
2025/12/26 00:12:17 Starting Demo Scale Simulation...
2025/12/26 00:12:18 Logger initialized
2025/12/26 00:12:18 Using SQLite database (configured)...
2025/12/26 00:12:18 Database connected successfully
2025/12/26 00:12:18 Reloading Scale Configurations...
2025/12/26 00:12:18 Starting Demo Scale Simulation...
2025/12/26 00:12:19 Logger initialized
2025/12/26 00:12:19 Using SQLite database (configured)...
2025/12/26 00:12:19 Database connected successfully
2025/12/26 00:12:19 Reloading Scale Configurations...
2025/12/26 00:12:19 Starting Demo Scale Simulation...
2025/12/26 00:12:20 Logger initialized
2025/12/26 00:12:20 Using SQLite database (configured)...
2025/12/26 00:12:20 Database connected successfully
2025/12/26 00:12:20 Reloading Scale Configurations...
2025/12/26 00:12:20 Starting Demo Scale Simulation...
2025/12/26 00:12:21 Logger initialized
2025/12/26 00:12:21 Using SQLite database (configured)...
2025/12/26 00:12:21 Database connected successfully
2025/12/26 00:12:21 Reloading Scale Configurations...
2025/12/26 00:12:21 Starting Demo Scale Simulation...
2025/12/26 00:12:22 Logger initialized
2025/12/26 00:12:22 Using SQLite database (configured)...
2025/12/26 00:12:22 Database connected successfully
2025/12/26 00:12:22 Reloading Scale Configurations...
2025/12/26 00:12:22 Starting Demo Scale Simulation...
2025/12/26 00:12:23 Logger initialized
2025/12/26 00:12:23 Using SQLite database (configured)...
2025/12/26 00:12:23 Database connected successfully
2025/12/26 00:12:23 Reloading Scale Configurations...
2025/12/26 00:12:23 Starting Demo Scale Simulation...
2025/12/26 00:12:24 Logger initialized
2025/12/26 00:12:24 Using SQLite database (configured)...
2025/12/26 00:12:24 Database connected successfully
2025/12/26 00:12:24 Reloading Scale Configurations...
2025/12/26 00:12:24 Starting Demo Scale Simulation...
2025/12/26 00:12:25 Logger initialized
2025/12/26 00:12:25 Using SQLite database (configured)...
2025/12/26 00:12:25 Database connected successfully
2025/12/26 00:12:26 Reloading Scale Configurations...
2025/12/26 00:12:26 Starting Demo Scale Simulation...
2025/12/26 00:12:26 Logger initialized
2025/12/26 00:12:26 Using SQLite database (configured)...
2025/12/26 00:12:26 Database connected successfully
2025/12/26 00:12:26 Reloading Scale Configurations...
2025/12/26 00:12:26 Starting Demo Scale Simulation...
2025/12/26 00:12:27 Logger initialized
2025/12/26 00:12:27 Using SQLite database (configured)...
2025/12/26 00:12:27 Database connected successfully
2025/12/26 00:12:27 Reloading Scale Configurations...
2025/12/26 00:12:27 Starting Demo Scale Simulation...
2025/12/26 00:12:28 Logger initialized
2025/12/26 00:12:28 Using SQLite database (configured)...
2025/12/26 00:12:28 Database connected successfully
2025/12/26 00:12:28 Reloading Scale Configurations...
2025/12/26 00:12:28 Starting Demo Scale Simulation...
2025/12/26 00:12:29 Logger initialized
2025/12/26 00:12:29 Using SQLite database (configured)...
2025/12/26 00:12:29 Database connected successfully
2025/12/26 00:12:29 Reloading Scale Configurations...
2025/12/26 00:12:29 Starting Demo Scale Simulation...
2025/12/26 00:12:30 Logger initialized
2025/12/26 00:12:30 Using SQLite database (configured)...
2025/12/26 00:12:30 Database connected successfully
2025/12/26 00:12:30 Reloading Scale Configurations...
2025/12/26 00:12:30 Starting Demo Scale Simulation...
2025/12/26 00:12:31 Logger initialized
2025/12/26 00:12:31 Using SQLite database (configured)...
2025/12/26 00:12:31 Database connected successfully
2025/12/26 00:12:31 Reloading Scale Configurations...
2025/12/26 00:12:31 Starting Demo Scale Simulation...
2025/12/26 00:12:32 Logger initialized
2025/12/26 00:12:32 Using SQLite database (configured)...
2025/12/26 00:12:32 Database connected successfully
2025/12/26 00:12:32 Reloading Scale Configurations...
2025/12/26 00:12:32 Starting Demo Scale Simulation...
2025/12/26 00:12:33 Logger initialized
2025/12/26 00:12:33 Using SQLite database (configured)...
2025/12/26 00:12:33 Database connected successfully
2025/12/26 00:12:33 Reloading Scale Configurations...
2025/12/26 00:12:33 Starting Demo Scale Simulation...
2025/12/26 00:12:34 Logger initialized
2025/12/26 00:12:34 Using SQLite database (configured)...
2025/12/26 00:12:34 Database connected successfully
2025/12/26 00:12:34 Reloading Scale Configurations...
2025/12/26 00:12:34 Starting Demo Scale Simulation...
2025/12/26 00:12:34 Logger initialized
2025/12/26 00:12:35 Using SQLite database (configured)...
2025/12/26 00:12:35 Database connected successfully
2025/12/26 00:12:35 Reloading Scale Configurations...
2025/12/26 00:12:35 Starting Demo Scale Simulation...
2025/12/26 00:12:35 Logger initialized
2025/12/26 00:12:35 Using SQLite database (configured)...
2025/12/26 00:12:35 Database connected successfully
2025/12/26 00:12:35 Reloading Scale Configurations...
2025/12/26 00:12:35 Starting Demo Scale Simulation...
2025/12/26 00:12:36 Logger initialized
2025/12/26 00:12:36 Using SQLite database (configured)...
2025/12/26 00:12:36 Database connected successfully
2025/12/26 00:12:36 Reloading Scale Configurations...
2025/12/26 00:12:36 Starting Demo Scale Simulation...
2025/12/26 00:12:37 Logger initialized
2025/12/26 00:12:37 Using SQLite database (configured)...
2025/12/26 00:12:37 Database connected successfully
2025/12/26 00:12:37 Reloading Scale Configurations...
2025/12/26 00:12:37 Starting Demo Scale Simulation...
2025/12/26 00:12:38 Logger initialized
2025/12/26 00:12:38 Using SQLite database (configured)...
2025/12/26 00:12:38 Database connected successfully
2025/12/26 00:12:38 Reloading Scale Configurations...
2025/12/26 00:12:38 Starting Demo Scale Simulation...
2025/12/26 00:12:40 Logger initialized
2025/12/26 00:12:40 Using SQLite database (configured)...
2025/12/26 00:12:40 Database connected successfully
2025/12/26 00:12:40 Reloading Scale Configurations...
2025/12/26 00:12:40 Starting Demo Scale Simulation...
2025/12/26 00:12:41 Logger initialized
2025/12/26 00:12:41 Using SQLite database (configured)...
2025/12/26 00:12:41 Database connected successfully
2025/12/26 00:12:41 Reloading Scale Configurations...
2025/12/26 00:12:41 Starting Demo Scale Simulation...
2025/12/26 00:12:42 Logger initialized
2025/12/26 00:12:42 Using SQLite database (configured)...
2025/12/26 00:12:42 Database connected successfully
2025/12/26 00:12:42 Reloading Scale Configurations...
2025/12/26 00:12:42 Starting Demo Scale Simulation...
2025/12/26 00:12:43 Logger initialized
2025/12/26 00:12:43 Using SQLite database (configured)...
2025/12/26 00:12:43 Database connected successfully
2025/12/26 00:12:43 Reloading Scale Configurations...
2025/12/26 00:12:43 Starting Demo Scale Simulation...
2025/12/26 00:12:44 Logger initialized
2025/12/26 00:12:44 Using SQLite database (configured)...
2025/12/26 00:12:44 Database connected successfully
2025/12/26 00:12:44 Reloading Scale Configurations...
2025/12/26 00:12:44 Starting Demo Scale Simulation...
2025/12/26 00:12:45 Logger initialized
2025/12/26 00:12:45 Using SQLite database (configured)...
2025/12/26 00:12:45 Database connected successfully
2025/12/26 00:12:45 Reloading Scale Configurations...
2025/12/26 00:12:45 Starting Demo Scale Simulation...
2025/12/26 00:12:46 Logger initialized
2025/12/26 00:12:46 Using SQLite database (configured)...
2025/12/26 00:12:46 Database connected successfully
2025/12/26 00:12:46 Reloading Scale Configurations...
2025/12/26 00:12:46 Starting Demo Scale Simulation...
2025/12/26 00:12:47 Logger initialized
2025/12/26 00:12:47 Using SQLite database (configured)...
2025/12/26 00:12:47 Database connected successfully
2025/12/26 00:12:47 Reloading Scale Configurations...
2025/12/26 00:12:47 Starting Demo Scale Simulation...
2025/12/26 00:12:48 Logger initialized
2025/12/26 00:12:48 Using SQLite database (configured)...
2025/12/26 00:12:48 Database connected successfully
2025/12/26 00:12:48 Reloading Scale Configurations...
2025/12/26 00:12:48 Starting Demo Scale Simulation...
2025/12/26 00:12:49 Logger initialized
2025/12/26 00:12:49 Using SQLite database (configured)...
2025/12/26 00:12:49 Database connected successfully
2025/12/26 00:12:49 Reloading Scale Configurations...
2025/12/26 00:12:49 Starting Demo Scale Simulation...
2025/12/26 00:12:50 Logger initialized
2025/12/26 00:12:50 Using SQLite database (configured)...
2025/12/26 00:12:50 Database connected successfully
2025/12/26 00:12:50 Reloading Scale Configurations...
2025/12/26 00:12:50 Starting Demo Scale Simulation...
2025/12/26 00:12:51 Logger initialized
2025/12/26 00:12:51 Using SQLite database (configured)...
2025/12/26 00:12:51 Database connected successfully
2025/12/26 00:12:51 Reloading Scale Configurations...
2025/12/26 00:12:51 Starting Demo Scale Simulation...
2025/12/26 00:12:52 Logger initialized
2025/12/26 00:12:52 Using SQLite database (configured)...
2025/12/26 00:12:52 Database connected successfully
2025/12/26 00:12:52 Reloading Scale Configurations...
2025/12/26 00:12:52 Starting Demo Scale Simulation...
2025/12/26 00:12:53 Logger initialized
2025/12/26 00:12:53 Using SQLite database (configured)...
2025/12/26 00:12:53 Database connected successfully
2025/12/26 00:12:53 Reloading Scale Configurations...
2025/12/26 00:12:53 Starting Demo Scale Simulation...
2025/12/26 00:12:53 Logger initialized
2025/12/26 00:12:53 Using SQLite database (configured)...
2025/12/26 00:12:53 Database connected successfully
2025/12/26 00:12:53 Reloading Scale Configurations...
2025/12/26 00:12:53 Starting Demo Scale Simulation...
2025/12/26 00:12:54 Logger initialized
2025/12/26 00:12:54 Using SQLite database (configured)...
2025/12/26 00:12:54 Database connected successfully
2025/12/26 00:12:54 Reloading Scale Configurations...
2025/12/26 00:12:54 Starting Demo Scale Simulation...
2025/12/26 00:12:55 Logger initialized
2025/12/26 00:12:55 Using SQLite database (configured)...
2025/12/26 00:12:55 Database connected successfully
2025/12/26 00:12:55 Reloading Scale Configurations...
2025/12/26 00:12:55 Starting Demo Scale Simulation...
2025/12/26 00:12:56 Logger initialized
2025/12/26 00:12:56 Using SQLite database (configured)...
2025/12/26 00:12:56 Database connected successfully
2025/12/26 00:12:56 Reloading Scale Configurations...
2025/12/26 00:12:56 Starting Demo Scale Simulation...
2025/12/26 00:12:56 Logger initialized
2025/12/26 00:12:56 Using SQLite database (configured)...
2025/12/26 00:12:56 Database connected successfully
2025/12/26 00:12:56 Reloading Scale Configurations...
2025/12/26 00:12:56 Starting Demo Scale Simulation...
2025/12/26 00:12:57 Logger initialized
2025/12/26 00:12:57 Using SQLite database (configured)...
2025/12/26 00:12:57 Database connected successfully
2025/12/26 00:12:57 Reloading Scale Configurations...
2025/12/26 00:12:57 Starting Demo Scale Simulation...
2025/12/26 00:12:58 Logger initialized
2025/12/26 00:12:58 Using SQLite database (configured)...
2025/12/26 00:12:58 Database connected successfully
2025/12/26 00:12:58 Reloading Scale Configurations...
2025/12/26 00:12:58 Starting Demo Scale Simulation...
2025/12/26 00:12:58 Logger initialized
2025/12/26 00:12:58 Using SQLite database (configured)...
2025/12/26 00:12:58 Database connected successfully
2025/12/26 00:12:58 Reloading Scale Configurations...
2025/12/26 00:12:58 Starting Demo Scale Simulation...
2025/12/26 00:12:59 Logger initialized
2025/12/26 00:12:59 Using SQLite database (configured)...
2025/12/26 00:12:59 Database connected successfully
2025/12/26 00:12:59 Reloading Scale Configurations...
2025/12/26 00:12:59 Starting Demo Scale Simulation...
2025/12/26 00:13:00 Logger initialized
2025/12/26 00:13:00 Using SQLite database (configured)...
2025/12/26 00:13:00 Database connected successfully
2025/12/26 00:13:00 Reloading Scale Configurations...
2025/12/26 00:13:00 Starting Demo Scale Simulation...
2025/12/26 00:13:01 Logger initialized
2025/12/26 00:13:01 Using SQLite database (configured)...
2025/12/26 00:13:01 Database connected successfully
2025/12/26 00:13:01 Reloading Scale Configurations...
2025/12/26 00:13:01 Starting Demo Scale Simulation...
2025/12/26 00:13:01 Logger initialized
2025/12/26 00:13:01 Using SQLite database (configured)...
2025/12/26 00:13:01 Database connected successfully
2025/12/26 00:13:01 Reloading Scale Configurations...
2025/12/26 00:13:01 Starting Demo Scale Simulation...
2025/12/26 00:13:02 Logger initialized
2025/12/26 00:13:02 Using SQLite database (configured)...
2025/12/26 00:13:02 Database connected successfully
2025/12/26 00:13:02 Reloading Scale Configurations...
2025/12/26 00:13:02 Starting Demo Scale Simulation...
2025/12/26 00:13:03 Logger initialized
2025/12/26 00:13:03 Using SQLite database (configured)...
2025/12/26 00:13:03 Database connected successfully
2025/12/26 00:13:03 Reloading Scale Configurations...
2025/12/26 00:13:03 Starting Demo Scale Simulation...
2025/12/26 00:13:04 Logger initialized
2025/12/26 00:13:04 Using SQLite database (configured)...
2025/12/26 00:13:04 Database connected successfully
2025/12/26 00:13:04 Reloading Scale Configurations...
2025/12/26 00:13:04 Starting Demo Scale Simulation...
2025/12/26 00:13:05 Logger initialized
2025/12/26 00:13:05 Using SQLite database (configured)...
2025/12/26 00:13:05 Database connected successfully
2025/12/26 00:13:05 Reloading Scale Configurations...
2025/12/26 00:13:05 Starting Demo Scale Simulation...
2025/12/26 00:13:05 Logger initialized
2025/12/26 00:13:05 Using SQLite database (configured)...
2025/12/26 00:13:05 Database connected successfully
2025/12/26 00:13:05 Reloading Scale Configurations...
2025/12/26 00:13:05 Starting Demo Scale Simulation...
2025/12/26 00:13:06 Logger initialized
2025/12/26 00:13:06 Using SQLite database (configured)...
2025/12/26 00:13:06 Database connected successfully
2025/12/26 00:13:06 Reloading Scale Configurations...
2025/12/26 00:13:07 Logger initialized
2025/12/26 00:13:07 Using SQLite database (configured)...
2025/12/26 00:13:07 Database connected successfully
2025/12/26 00:13:07 Reloading Scale Configurations...
2025/12/26 00:13:07 Starting Demo Scale Simulation...
2025/12/26 00:13:08 Logger initialized
2025/12/26 00:13:08 Using SQLite database (configured)...
2025/12/26 00:13:08 Database connected successfully
2025/12/26 00:13:08 Reloading Scale Configurations...
2025/12/26 00:13:08 Starting Demo Scale Simulation...
2025/12/26 00:13:09 Logger initialized
2025/12/26 00:13:09 Using SQLite database (configured)...
2025/12/26 00:13:09 Database connected successfully
2025/12/26 00:13:09 Reloading Scale Configurations...
2025/12/26 00:13:09 Starting Demo Scale Simulation...
2025/12/26 00:13:10 Logger initialized
2025/12/26 00:13:10 Using SQLite database (configured)...
2025/12/26 00:13:10 Database connected successfully
2025/12/26 00:13:10 Reloading Scale Configurations...
2025/12/26 00:13:10 Starting Demo Scale Simulation...
2025/12/26 00:13:11 Logger initialized
2025/12/26 00:13:11 Using SQLite database (configured)...
2025/12/26 00:13:11 Database connected successfully
2025/12/26 00:13:11 Reloading Scale Configurations...
2025/12/26 00:13:11 Starting Demo Scale Simulation...
2025/12/26 00:13:12 Logger initialized
2025/12/26 00:13:12 Using SQLite database (configured)...
2025/12/26 00:13:12 Database connected successfully
2025/12/26 00:13:12 Reloading Scale Configurations...
2025/12/26 00:13:12 Starting Demo Scale Simulation...
2025/12/26 00:13:13 Logger initialized
2025/12/26 00:13:13 Using SQLite database (configured)...
2025/12/26 00:13:13 Database connected successfully
2025/12/26 00:13:13 Reloading Scale Configurations...
2025/12/26 00:13:13 Starting Demo Scale Simulation...
2025/12/26 00:13:14 Logger initialized
2025/12/26 00:13:14 Using SQLite database (configured)...
2025/12/26 00:13:14 Database connected successfully
2025/12/26 00:13:14 Reloading Scale Configurations...
2025/12/26 00:13:14 Starting Demo Scale Simulation...
2025/12/26 08:14:19 Logger initialized
2025/12/26 08:14:19 Attempting to connect to Postgres...
2025/12/26 08:14:20 Database connected successfully
2025/12/26 08:14:20 Reloading Scale Configurations...
2025/12/26 08:14:20 ANPR Service running in MOCK mode (No OpenCV detected)
2025/12/26 08:14:20 StoneWeigh Server starting on :8000
2025/12/26 08:40:24 Logger initialized
2025/12/26 08:40:24 Attempting to connect to Postgres...
2025/12/26 08:40:24 Database connected successfully
2025/12/26 08:40:24 Reloading Scale Configurations...
2025/12/26 08:40:24 ANPR Service running in MOCK mode (No OpenCV detected)
2025/12/26 01:04:50 Logger initialized
2025/12/26 01:04:50 Using SQLite database (configured)...
2025/12/26 01:04:50 Database connected successfully
2025/12/26 01:04:50 Reloading Scale Configurations...
2025/12/26 01:04:50 Starting Demo Scale Simulation...
2025/12/26 01:04:50 Warning: Failed to load model models/platdetection.onnx: model loaded but is empty. Ensure it is ONNX format compatible with OpenCV DNN.
2025/12/26 01:04:50 StoneWeigh Server starting on :8000
2025/12/26 09:10:54 Logger initialized
2025/12/26 09:10:54 Attempting to connect to Postgres...
2025/12/26 09:10:54 Database connected successfully
2025/12/26 09:10:54 Reloading Scale Configurations...
2025/12/26 09:10:54 ANPR Service running in MOCK mode (No OpenCV detected)
2025/12/26 02:36:32 Logger initialized
2025/12/26 02:36:32 Attempting to connect to Postgres...
2025/12/26 02:36:32 Failed to connect to Postgres: failed to connect to `user=postgres database=stone`: 127.0.0.1:5432 (127.0.0.1): dial error: dial tcp 127.0.0.1:5432: connect: connection refused. Please check your configuration.
2025/12/26 02:40:13 Logger initialized
2025/12/26 02:40:13 Using SQLite database (configured)...
2025/12/26 02:40:13 Failed to connect to SQLite: unable to open database file: no such file or directory
2025/12/26 02:45:09 Logger initialized
2025/12/26 02:45:09 Using SQLite database (configured)...
2025/12/26 02:45:09 Failed to connect to SQLite: unable to open database file: no such file or directory
2025/12/26 02:51:56 Logger initialized
2025/12/26 02:51:56 Using SQLite database (configured)...
2025/12/26 02:51:56 Failed to connect to SQLite: unable to open database file: no such file or directory
2025/12/26 02:55:20 Logger initialized
2025/12/26 02:55:20 Using SQLite database (configured)...
2025/12/26 02:55:20 Database connected successfully
2025/12/26 02:55:20 Admin user 'indraaja' seeded successfully
2025/12/26 02:55:20 Reloading Scale Configurations...
2025/12/26 02:55:20 ANPR Service running in MOCK mode (No OpenCV detected)
2025/12/26 02:55:20 StoneWeigh Server starting on :8000
2025/12/26 02:59:06 [HTTP] 200 |    2.238422ms |             ::1 | GET     /login
2025/12/26 03:01:03 [HTTP] 200 |    1.152274ms |             ::1 | GET     /login
2025/12/26 03:03:19 [HTTP] 200 |    1.074424ms |             ::1 | GET     /login
2025/12/26 03:03:19 [HTTP] 200 |   89.317368ms |             ::1 | POST    /login
2025/12/26 03:03:19 [HTTP] 200 |    1.793736ms |             ::1 | GET     /dashboard
2025/12/26 03:03:19 [HTTP] 200 |   14.736905ms |             ::1 | GET     /static/js/main.js
2025/12/26 03:03:21 [HTTP] 200 |    1.799098ms |             ::1 | GET     /weighing
2025/12/26 03:03:21 [HTTP] 404 |    1.180233ms |             ::1 | GET     /static/images/placeholder_truck.jpg
2025/12/26 03:03:21 [HTTP] 200 |  1.601090388s |             ::1 | GET     /api/scales/stream
2025/12/26 03:03:22 [HTTP] 200 |  401.095632ms |             ::1 | GET     /api/scales/stream
